<?xml version="1.0" encoding="UTF-8"?>
<testng-results ignored="0" total="10" passed="10" failed="0" skipped="0">
  <reporter-output>
  </reporter-output>
  <suite started-at="2024-04-11T22:10:09 IST" name="Parallel Testing" finished-at="2024-04-11T22:11:34 IST" duration-ms="85619">
    <groups>
    </groups>
    <test started-at="2024-04-11T22:10:09 IST" name="Parallel Tests1" finished-at="2024-04-11T22:11:34 IST" duration-ms="85619">
      <class name="com.examples.TestNgExamples">
        <test-method signature="testoneMethod()[pri:0, instance:com.examples.TestNgExamples@222545dc]" started-at="2024-04-11T22:10:09 IST" name="testoneMethod" finished-at="2024-04-11T22:10:29 IST" duration-ms="20773" status="PASS">
          <reporter-output>
          </reporter-output>
        </test-method> <!-- testoneMethod -->
        <test-method signature="testoneMethod()[pri:0, instance:com.examples.TestNgExamples@222545dc]" started-at="2024-04-11T22:10:29 IST" name="testoneMethod" finished-at="2024-04-11T22:10:47 IST" duration-ms="17294" status="PASS">
          <reporter-output>
          </reporter-output>
        </test-method> <!-- testoneMethod -->
        <test-method signature="testoneMethod()[pri:0, instance:com.examples.TestNgExamples@222545dc]" started-at="2024-04-11T22:10:47 IST" name="testoneMethod" finished-at="2024-04-11T22:10:53 IST" duration-ms="6634" status="PASS">
          <reporter-output>
          </reporter-output>
        </test-method> <!-- testoneMethod -->
        <test-method signature="testoneMethod()[pri:0, instance:com.examples.TestNgExamples@222545dc]" started-at="2024-04-11T22:10:53 IST" name="testoneMethod" finished-at="2024-04-11T22:10:57 IST" duration-ms="4015" status="PASS">
          <reporter-output>
          </reporter-output>
        </test-method> <!-- testoneMethod -->
        <test-method signature="testoneMethod()[pri:0, instance:com.examples.TestNgExamples@222545dc]" started-at="2024-04-11T22:10:57 IST" name="testoneMethod" finished-at="2024-04-11T22:11:03 IST" duration-ms="6069" status="PASS">
          <reporter-output>
          </reporter-output>
        </test-method> <!-- testoneMethod -->
        <test-method signature="testoneMethod()[pri:0, instance:com.examples.TestNgExamples@222545dc]" started-at="2024-04-11T22:11:03 IST" name="testoneMethod" finished-at="2024-04-11T22:11:10 IST" duration-ms="6016" status="PASS">
          <reporter-output>
          </reporter-output>
        </test-method> <!-- testoneMethod -->
        <test-method signature="testoneMethod()[pri:0, instance:com.examples.TestNgExamples@222545dc]" started-at="2024-04-11T22:11:10 IST" name="testoneMethod" finished-at="2024-04-11T22:11:12 IST" duration-ms="2781" status="PASS">
          <reporter-output>
          </reporter-output>
        </test-method> <!-- testoneMethod -->
        <test-method signature="testoneMethod()[pri:0, instance:com.examples.TestNgExamples@222545dc]" started-at="2024-04-11T22:11:12 IST" name="testoneMethod" finished-at="2024-04-11T22:11:18 IST" duration-ms="5879" status="PASS">
          <reporter-output>
          </reporter-output>
        </test-method> <!-- testoneMethod -->
        <test-method signature="testoneMethod()[pri:0, instance:com.examples.TestNgExamples@222545dc]" started-at="2024-04-11T22:11:18 IST" name="testoneMethod" finished-at="2024-04-11T22:11:24 IST" duration-ms="5663" status="PASS">
          <reporter-output>
          </reporter-output>
        </test-method> <!-- testoneMethod -->
        <test-method signature="testoneMethod()[pri:0, instance:com.examples.TestNgExamples@222545dc]" started-at="2024-04-11T22:11:24 IST" name="testoneMethod" finished-at="2024-04-11T22:11:34 IST" duration-ms="10333" status="PASS">
          <reporter-output>
          </reporter-output>
        </test-method> <!-- testoneMethod -->
      </class> <!-- com.examples.TestNgExamples -->
    </test> <!-- Parallel Tests1 -->
  </suite> <!-- Parallel Testing -->
</testng-results>
