<?xml version="1.0" encoding="UTF-8"?>
<!-- Generated by org.testng.reporters.JUnitXMLReporter -->
<testsuite ignored="0" hostname="DESKTOP-8QGVQE8" failures="0" tests="10" name="Parallel Tests1" time="85.619" errors="0" timestamp="2024-04-11T22:11:34 IST">
  <testcase classname="com.examples.TestNgExamples" name="testoneMethod" time="20.773"/>
  <testcase classname="com.examples.TestNgExamples" name="testoneMethod" time="17.294"/>
  <testcase classname="com.examples.TestNgExamples" name="testoneMethod" time="6.634"/>
  <testcase classname="com.examples.TestNgExamples" name="testoneMethod" time="4.015"/>
  <testcase classname="com.examples.TestNgExamples" name="testoneMethod" time="6.069"/>
  <testcase classname="com.examples.TestNgExamples" name="testoneMethod" time="6.016"/>
  <testcase classname="com.examples.TestNgExamples" name="testoneMethod" time="2.781"/>
  <testcase classname="com.examples.TestNgExamples" name="testoneMethod" time="5.879"/>
  <testcase classname="com.examples.TestNgExamples" name="testoneMethod" time="5.663"/>
  <testcase classname="com.examples.TestNgExamples" name="testoneMethod" time="10.333"/>
</testsuite> <!-- Parallel Tests1 -->
